<html>
<head>
<title>TestNG:  Default test</title>
<link href="../testng.css" rel="stylesheet" type="text/css" />
<link href="../my-testng.css" rel="stylesheet" type="text/css" />

<style type="text/css">
.log { display: none;} 
.stack-trace { display: none;} 
</style>
<script type="text/javascript">
<!--
function flip(e) {
  current = e.style.display;
  if (current == 'block') {
    e.style.display = 'none';
    return 0;
  }
  else {
    e.style.display = 'block';
    return 1;
  }
}

function toggleBox(szDivId, elem, msg1, msg2)
{
  var res = -1;  if (document.getElementById) {
    res = flip(document.getElementById(szDivId));
  }
  else if (document.all) {
    // this is the way old msie versions work
    res = flip(document.all[szDivId]);
  }
  if(elem) {
    if(res == 0) elem.innerHTML = msg1; else elem.innerHTML = msg2;
  }

}

function toggleAllBoxes() {
  if (document.getElementsByTagName) {
    d = document.getElementsByTagName('div');
    for (i = 0; i < d.length; i++) {
      if (d[i].className == 'log') {
        flip(d[i]);
      }
    }
  }
}

// -->
</script>

</head>
<body>
<h2 align='center'>Default test</h2><table border='1' align="center">
<tr>
<td>Tests passed/Failed/Skipped:</td><td>30/1/0</td>
</tr><tr>
<td>Started on:</td><td>Wed May 24 14:32:55 IST 2023</td>
</tr>
<tr><td>Total time:</td><td>107 seconds (107976 ms)</td>
</tr><tr>
<td>Included groups:</td><td></td>
</tr><tr>
<td>Excluded groups:</td><td></td>
</tr>
</table><p/>
<small><i>(Hover the method name to see the test class name)</i></small><p/>
<table width='100%' border='1' class='invocation-failed'>
<tr><td colspan='4' align='center'><b>FAILED TESTS</b></td></tr>
<tr><td><b>Test method</b></td>
<td><b>Attribute(s)</b></td>
<td width="30%"><b>Exception</b></td>
<td width="10%"><b>Time (seconds)</b></td>
<td><b>Instance</b></td>
</tr>
<tr>
<td title='test.TestCase1.test2()'><b>test2</b><br>Test class: test.TestCase1<br>Parameters: 7300, 700, 116879</td>
<td><div><pre>java.lang.AssertionError: expected [7300] but found [7222.9]
	at org.testng.Assert.fail(Assert.java:110)
	at org.testng.Assert.failNotEquals(Assert.java:1413)
	at org.testng.Assert.assertEqualsImpl(Assert.java:149)
	at org.testng.Assert.assertEquals(Assert.java:131)
	at org.testng.Assert.assertEquals(Assert.java:655)
	at org.testng.Assert.assertEquals(Assert.java:665)
	at pageObject.FanDetail.search(FanDetail.java:146)
	at test.TestCase1.test2(TestCase1.java:34)
	at java.base/jdk.internal.reflect.NativeMethodAccessorImpl.invoke0(Native Method)
	at java.base/jdk.internal.reflect.NativeMethodAccessorImpl.invoke(NativeMethodAccessorImpl.java:62)
	at java.base/jdk.internal.reflect.DelegatingMethodAccessorImpl.invoke(DelegatingMethodAccessorImpl.java:43)
	at java.base/java.lang.reflect.Method.invoke(Method.java:566)
	at org.testng.internal.invokers.MethodInvocationHelper.invokeMethod(MethodInvocationHelper.java:139)
	at org.testng.internal.invokers.TestInvoker.invokeMethod(TestInvoker.java:677)
	at org.testng.internal.invokers.TestInvoker.invokeTestMethod(TestInvoker.java:221)
	at org.testng.internal.invokers.MethodRunner.runInSequence(MethodRunner.java:50)
	at org.testng.internal.invokers.TestInvoker$MethodInvocationAgent.invoke(TestInvoker.java:962)
	at org.testng.internal.invokers.TestInvoker.invokeTestMethods(TestInvoker.java:194)
	at org.testng.internal.invokers.TestMethodWorker.invokeTestMethods(TestMethodWorker.java:148)
	at org.testng.internal.invokers.TestMethodWorker.run(TestMethodWorker.java:128)
	at java.base/java.util.ArrayList.forEach(ArrayList.java:1541)
	at org.testng.TestRunner.privateRun(TestRunner.java:806)
	at org.testng.TestRunner.run(TestRunner.java:601)
	at org.testng.SuiteRunner.runTest(SuiteRunner.java:433)
	at org.testng.SuiteRunner.runSequentially(SuiteRunner.java:427)
	at org.testng.SuiteRunner.privateRun(SuiteRunner.java:387)
	at org.testng.SuiteRunner.run(SuiteRunner.java:330)
	at org.testng.SuiteRunnerWorker.runSuite(SuiteRunnerWorker.java:52)
	at org.testng.SuiteRunnerWorker.run(SuiteRunnerWorker.java:95)
	at org.testng.TestNG.runSuitesSequentially(TestNG.java:1256)
	at org.testng.TestNG.runSuitesLocally(TestNG.java:1176)
	at org.testng.TestNG.runSuites(TestNG.java:1099)
	at org.testng.TestNG.run(TestNG.java:1067)
	at org.testng.remote.AbstractRemoteTestNG.run(AbstractRemoteTestNG.java:115)
	at org.testng.remote.RemoteTestNG.initAndRun(RemoteTestNG.java:251)
	at org.testng.remote.RemoteTestNG.main(RemoteTestNG.java:77)
</pre></div><a href='#' onClick='toggleBox("stack-trace1917555614", this, "Click to show all stack frames", "Click to hide stack frames")'>Click to show all stack frames</a>
<div class='stack-trace' id='stack-trace1917555614'><pre>java.lang.AssertionError: expected [7300] but found [7222.9]
	at org.testng.Assert.fail(Assert.java:110)
	at org.testng.Assert.failNotEquals(Assert.java:1413)
	at org.testng.Assert.assertEqualsImpl(Assert.java:149)
	at org.testng.Assert.assertEquals(Assert.java:131)
	at org.testng.Assert.assertEquals(Assert.java:655)
	at org.testng.Assert.assertEquals(Assert.java:665)
	at pageObject.FanDetail.search(FanDetail.java:146)
	at test.TestCase1.test2(TestCase1.java:34)
	at java.base/jdk.internal.reflect.NativeMethodAccessorImpl.invoke0(Native Method)
	at java.base/jdk.internal.reflect.NativeMethodAccessorImpl.invoke(NativeMethodAccessorImpl.java:62)
	at java.base/jdk.internal.reflect.DelegatingMethodAccessorImpl.invoke(DelegatingMethodAccessorImpl.java:43)
	at java.base/java.lang.reflect.Method.invoke(Method.java:566)
	at org.testng.internal.invokers.MethodInvocationHelper.invokeMethod(MethodInvocationHelper.java:139)
	at org.testng.internal.invokers.TestInvoker.invokeMethod(TestInvoker.java:677)
	at org.testng.internal.invokers.TestInvoker.invokeTestMethod(TestInvoker.java:221)
	at org.testng.internal.invokers.MethodRunner.runInSequence(MethodRunner.java:50)
	at org.testng.internal.invokers.TestInvoker$MethodInvocationAgent.invoke(TestInvoker.java:962)
	at org.testng.internal.invokers.TestInvoker.invokeTestMethods(TestInvoker.java:194)
	at org.testng.internal.invokers.TestMethodWorker.invokeTestMethods(TestMethodWorker.java:148)
	at org.testng.internal.invokers.TestMethodWorker.run(TestMethodWorker.java:128)
	at java.base/java.util.ArrayList.forEach(ArrayList.java:1541)
	at org.testng.TestRunner.privateRun(TestRunner.java:806)
	at org.testng.TestRunner.run(TestRunner.java:601)
	at org.testng.SuiteRunner.runTest(SuiteRunner.java:433)
	at org.testng.SuiteRunner.runSequentially(SuiteRunner.java:427)
	at org.testng.SuiteRunner.privateRun(SuiteRunner.java:387)
	at org.testng.SuiteRunner.run(SuiteRunner.java:330)
	at org.testng.SuiteRunnerWorker.runSuite(SuiteRunnerWorker.java:52)
	at org.testng.SuiteRunnerWorker.run(SuiteRunnerWorker.java:95)
	at org.testng.TestNG.runSuitesSequentially(TestNG.java:1256)
	at org.testng.TestNG.runSuitesLocally(TestNG.java:1176)
	at org.testng.TestNG.runSuites(TestNG.java:1099)
	at org.testng.TestNG.run(TestNG.java:1067)
	at org.testng.remote.AbstractRemoteTestNG.run(AbstractRemoteTestNG.java:115)
	at org.testng.remote.RemoteTestNG.initAndRun(RemoteTestNG.java:251)
	at org.testng.remote.RemoteTestNG.main(RemoteTestNG.java:77)
</pre></div></td>
<td>9</td>
<td>test.TestCase1@4b741d6d</td></tr>
</table><p>
<table width='100%' border='1' class='invocation-passed'>
<tr><td colspan='4' align='center'><b>PASSED TESTS</b></td></tr>
<tr><td><b>Test method</b></td>
<td><b>Attribute(s)</b></td>
<td width="30%"><b>Exception</b></td>
<td width="10%"><b>Time (seconds)</b></td>
<td><b>Instance</b></td>
</tr>
<tr>
<td title='test.TestCase1.test2()'><b>test2</b><br>Test class: test.TestCase1<br>Parameters: 4150, 700, 116874</td>
<td></td>
<td>2</td>
<td>test.TestCase1@4b741d6d</td></tr>
<tr>
<td title='test.TestCase1.test2()'><b>test2</b><br>Test class: test.TestCase1<br>Parameters: 4197, 700, 116874</td>
<td></td>
<td>2</td>
<td>test.TestCase1@4b741d6d</td></tr>
<tr>
<td title='test.TestCase1.test2()'><b>test2</b><br>Test class: test.TestCase1<br>Parameters: 4300, 700, 116874</td>
<td></td>
<td>4</td>
<td>test.TestCase1@4b741d6d</td></tr>
<tr>
<td title='test.TestCase1.test2()'><b>test2</b><br>Test class: test.TestCase1<br>Parameters: 3524, 700, 116874</td>
<td></td>
<td>2</td>
<td>test.TestCase1@4b741d6d</td></tr>
<tr>
<td title='test.TestCase1.test2()'><b>test2</b><br>Test class: test.TestCase1<br>Parameters: 4500, 700, 116874</td>
<td></td>
<td>2</td>
<td>test.TestCase1@4b741d6d</td></tr>
<tr>
<td title='test.TestCase1.test2()'><b>test2</b><br>Test class: test.TestCase1<br>Parameters: 5200, 700, 116876</td>
<td></td>
<td>3</td>
<td>test.TestCase1@4b741d6d</td></tr>
<tr>
<td title='test.TestCase1.test2()'><b>test2</b><br>Test class: test.TestCase1<br>Parameters: 3500, 700, 116874</td>
<td></td>
<td>2</td>
<td>test.TestCase1@4b741d6d</td></tr>
<tr>
<td title='test.TestCase1.test2()'><b>test2</b><br>Test class: test.TestCase1<br>Parameters: 2400, 700, 116874</td>
<td></td>
<td>3</td>
<td>test.TestCase1@4b741d6d</td></tr>
<tr>
<td title='test.TestCase1.test2()'><b>test2</b><br>Test class: test.TestCase1<br>Parameters: 4330, 700, 116874</td>
<td></td>
<td>3</td>
<td>test.TestCase1@4b741d6d</td></tr>
<tr>
<td title='test.TestCase1.test2()'><b>test2</b><br>Test class: test.TestCase1<br>Parameters: 3524, 700, 116874</td>
<td></td>
<td>3</td>
<td>test.TestCase1@4b741d6d</td></tr>
<tr>
<td title='test.TestCase1.test2()'><b>test2</b><br>Test class: test.TestCase1<br>Parameters: 7000, 700, 116879</td>
<td></td>
<td>3</td>
<td>test.TestCase1@4b741d6d</td></tr>
<tr>
<td title='test.TestCase1.test2()'><b>test2</b><br>Test class: test.TestCase1<br>Parameters: 4330, 700, 116874</td>
<td></td>
<td>2</td>
<td>test.TestCase1@4b741d6d</td></tr>
<tr>
<td title='test.TestCase1.test2()'><b>test2</b><br>Test class: test.TestCase1<br>Parameters: 3320, 700, 116874</td>
<td></td>
<td>2</td>
<td>test.TestCase1@4b741d6d</td></tr>
<tr>
<td title='test.TestCase1.test2()'><b>test2</b><br>Test class: test.TestCase1<br>Parameters: 2350, 700, 116874</td>
<td></td>
<td>2</td>
<td>test.TestCase1@4b741d6d</td></tr>
<tr>
<td title='test.TestCase1.test2()'><b>test2</b><br>Test class: test.TestCase1<br>Parameters: 3656, 700, 116874</td>
<td></td>
<td>2</td>
<td>test.TestCase1@4b741d6d</td></tr>
<tr>
<td title='test.TestCase1.test2()'><b>test2</b><br>Test class: test.TestCase1<br>Parameters: 4159, 700, 116874</td>
<td></td>
<td>3</td>
<td>test.TestCase1@4b741d6d</td></tr>
<tr>
<td title='test.TestCase1.test2()'><b>test2</b><br>Test class: test.TestCase1<br>Parameters: 3200, 700, 116874</td>
<td></td>
<td>3</td>
<td>test.TestCase1@4b741d6d</td></tr>
<tr>
<td title='test.TestCase1.test2()'><b>test2</b><br>Test class: test.TestCase1<br>Parameters: 5200, 700, 116876</td>
<td></td>
<td>3</td>
<td>test.TestCase1@4b741d6d</td></tr>
<tr>
<td title='test.TestCase1.test2()'><b>test2</b><br>Test class: test.TestCase1<br>Parameters: 5125, 700, 116876</td>
<td></td>
<td>3</td>
<td>test.TestCase1@4b741d6d</td></tr>
<tr>
<td title='test.TestCase1.test2()'><b>test2</b><br>Test class: test.TestCase1<br>Parameters: 5800, 700, 116876</td>
<td></td>
<td>3</td>
<td>test.TestCase1@4b741d6d</td></tr>
<tr>
<td title='test.TestCase1.test2()'><b>test2</b><br>Test class: test.TestCase1<br>Parameters: 4092, 700, 116874</td>
<td></td>
<td>3</td>
<td>test.TestCase1@4b741d6d</td></tr>
<tr>
<td title='test.TestCase1.test2()'><b>test2</b><br>Test class: test.TestCase1<br>Parameters: 5800, 700, 116876</td>
<td></td>
<td>3</td>
<td>test.TestCase1@4b741d6d</td></tr>
<tr>
<td title='test.TestCase1.test2()'><b>test2</b><br>Test class: test.TestCase1<br>Parameters: 3200, 700, 116874</td>
<td></td>
<td>3</td>
<td>test.TestCase1@4b741d6d</td></tr>
<tr>
<td title='test.TestCase1.test2()'><b>test2</b><br>Test class: test.TestCase1<br>Parameters: 3656, 700, 116874</td>
<td></td>
<td>2</td>
<td>test.TestCase1@4b741d6d</td></tr>
<tr>
<td title='test.TestCase1.test2()'><b>test2</b><br>Test class: test.TestCase1<br>Parameters: 4083, 700, 116874</td>
<td></td>
<td>3</td>
<td>test.TestCase1@4b741d6d</td></tr>
<tr>
<td title='test.TestCase1.test2()'><b>test2</b><br>Test class: test.TestCase1<br>Parameters: 4100, 700, 116874</td>
<td></td>
<td>6</td>
<td>test.TestCase1@4b741d6d</td></tr>
<tr>
<td title='test.TestCase1.test2()'><b>test2</b><br>Test class: test.TestCase1<br>Parameters: 3600, 700, 116874</td>
<td></td>
<td>2</td>
<td>test.TestCase1@4b741d6d</td></tr>
<tr>
<td title='test.TestCase1.test2()'><b>test2</b><br>Test class: test.TestCase1<br>Parameters: 3340, 700, 116874</td>
<td></td>
<td>3</td>
<td>test.TestCase1@4b741d6d</td></tr>
<tr>
<td title='test.TestCase1.test2()'><b>test2</b><br>Test class: test.TestCase1<br>Parameters: 5100, 700, 116876</td>
<td></td>
<td>3</td>
<td>test.TestCase1@4b741d6d</td></tr>
<tr>
<td title='test.TestCase1.test2()'><b>test2</b><br>Test class: test.TestCase1<br>Parameters: 4350, 700, 116874</td>
<td></td>
<td>2</td>
<td>test.TestCase1@4b741d6d</td></tr>
</table><p>
</body>
</html>