<?xml version="1.0" encoding="UTF-8"?>
<!-- Generated by org.testng.reporters.JUnitXMLReporter -->
<testsuite ignored="0" hostname="LAPTOP-LENOVO" failures="1" tests="31" name="Default test" time="107.976" errors="0" timestamp="2023-05-24T14:34:43 IST">
  <testcase classname="test.TestCase1" name="test2" time="4.963"/>
  <testcase classname="test.TestCase1" name="test2" time="9.031">
    <failure type="java.lang.AssertionError" message="expected [7300] but found [7222.9]">
      <![CDATA[java.lang.AssertionError: expected [7300] but found [7222.9]
at org.testng.Assert.fail(Assert.java:110)
at org.testng.Assert.failNotEquals(Assert.java:1413)
at org.testng.Assert.assertEqualsImpl(Assert.java:149)
at org.testng.Assert.assertEquals(Assert.java:131)
at org.testng.Assert.assertEquals(Assert.java:655)
at org.testng.Assert.assertEquals(Assert.java:665)
at pageObject.FanDetail.search(FanDetail.java:146)
at test.TestCase1.test2(TestCase1.java:34)
at java.base/jdk.internal.reflect.NativeMethodAccessorImpl.invoke0(Native Method)
at java.base/jdk.internal.reflect.NativeMethodAccessorImpl.invoke(NativeMethodAccessorImpl.java:62)
at java.base/jdk.internal.reflect.DelegatingMethodAccessorImpl.invoke(DelegatingMethodAccessorImpl.java:43)
at java.base/java.lang.reflect.Method.invoke(Method.java:566)
at org.testng.internal.invokers.MethodInvocationHelper.invokeMethod(MethodInvocationHelper.java:139)
at org.testng.internal.invokers.TestInvoker.invokeMethod(TestInvoker.java:677)
at org.testng.internal.invokers.TestInvoker.invokeTestMethod(TestInvoker.java:221)
at org.testng.internal.invokers.MethodRunner.runInSequence(MethodRunner.java:50)
at org.testng.internal.invokers.TestInvoker$MethodInvocationAgent.invoke(TestInvoker.java:962)
at org.testng.internal.invokers.TestInvoker.invokeTestMethods(TestInvoker.java:194)
at org.testng.internal.invokers.TestMethodWorker.invokeTestMethods(TestMethodWorker.java:148)
at org.testng.internal.invokers.TestMethodWorker.run(TestMethodWorker.java:128)
at java.base/java.util.ArrayList.forEach(ArrayList.java:1541)
at org.testng.TestRunner.privateRun(TestRunner.java:806)
at org.testng.TestRunner.run(TestRunner.java:601)
at org.testng.SuiteRunner.runTest(SuiteRunner.java:433)
at org.testng.SuiteRunner.runSequentially(SuiteRunner.java:427)
at org.testng.SuiteRunner.privateRun(SuiteRunner.java:387)
at org.testng.SuiteRunner.run(SuiteRunner.java:330)
at org.testng.SuiteRunnerWorker.runSuite(SuiteRunnerWorker.java:52)
at org.testng.SuiteRunnerWorker.run(SuiteRunnerWorker.java:95)
at org.testng.TestNG.runSuitesSequentially(TestNG.java:1256)
at org.testng.TestNG.runSuitesLocally(TestNG.java:1176)
at org.testng.TestNG.runSuites(TestNG.java:1099)
at org.testng.TestNG.run(TestNG.java:1067)
at org.testng.remote.AbstractRemoteTestNG.run(AbstractRemoteTestNG.java:115)
at org.testng.remote.RemoteTestNG.initAndRun(RemoteTestNG.java:251)
at org.testng.remote.RemoteTestNG.main(RemoteTestNG.java:77)
]]>
    </failure>
  </testcase> <!-- test2 -->
  <testcase classname="test.TestCase1" name="test2" time="3.652"/>
  <testcase classname="test.TestCase1" name="test2" time="3.833"/>
  <testcase classname="test.TestCase1" name="test2" time="3.286"/>
  <testcase classname="test.TestCase1" name="test2" time="3.316"/>
  <testcase classname="test.TestCase1" name="test2" time="3.141"/>
  <testcase classname="test.TestCase1" name="test2" time="3.826"/>
  <testcase classname="test.TestCase1" name="test2" time="2.579"/>
  <testcase classname="test.TestCase1" name="test2" time="2.96"/>
  <testcase classname="test.TestCase1" name="test2" time="2.625"/>
  <testcase classname="test.TestCase1" name="test2" time="2.628"/>
  <testcase classname="test.TestCase1" name="test2" time="2.602"/>
  <testcase classname="test.TestCase1" name="test2" time="2.645"/>
  <testcase classname="test.TestCase1" name="test2" time="3.77"/>
  <testcase classname="test.TestCase1" name="test2" time="3.253"/>
  <testcase classname="test.TestCase1" name="test2" time="3.248"/>
  <testcase classname="test.TestCase1" name="test2" time="3.851"/>
  <testcase classname="test.TestCase1" name="test2" time="2.086"/>
  <testcase classname="test.TestCase1" name="test2" time="3.277"/>
  <testcase classname="test.TestCase1" name="test2" time="3.252"/>
  <testcase classname="test.TestCase1" name="test2" time="6.586"/>
  <testcase classname="test.TestCase1" name="test2" time="2.667"/>
  <testcase classname="test.TestCase1" name="test2" time="2.101"/>
  <testcase classname="test.TestCase1" name="test2" time="2.856"/>
  <testcase classname="test.TestCase1" name="test2" time="3.171"/>
  <testcase classname="test.TestCase1" name="test2" time="2.636"/>
  <testcase classname="test.TestCase1" name="test2" time="2.651"/>
  <testcase classname="test.TestCase1" name="test2" time="3.261"/>
  <testcase classname="test.TestCase1" name="test2" time="3.226"/>
  <testcase classname="test.TestCase1" name="test2" time="3.119"/>
</testsuite> <!-- Default test -->
